11月 02, 2023 5:11:38 下午 io.github.yedaxia.apidocs.LogUtils info
信息: info: find java src paths:  [D:\practice\doubao_community_backend\src\main\java\]
11月 02, 2023 5:11:38 下午 io.github.yedaxia.apidocs.LogUtils info
信息: info: project type not set, try to figure out...
11月 02, 2023 5:11:38 下午 io.github.yedaxia.apidocs.LogUtils info
信息: info: start find controllers in path : D:\practice\doubao_community_backend\src\main\java\
11月 02, 2023 5:11:38 下午 io.github.yedaxia.apidocs.LogUtils info
信息: info: find controller file : BmsBillboardController.java
11月 02, 2023 5:11:38 下午 io.github.yedaxia.apidocs.LogUtils info
信息: info: find controller file : BmsCommentController.java
11月 02, 2023 5:11:38 下午 io.github.yedaxia.apidocs.LogUtils info
信息: info: find controller file : BmsPostController.java
11月 02, 2023 5:11:38 下午 io.github.yedaxia.apidocs.LogUtils info
信息: info: find controller file : BmsPromotionController.java
11月 02, 2023 5:11:38 下午 io.github.yedaxia.apidocs.LogUtils info
信息: info: find controller file : BmsRelationshipController.java
11月 02, 2023 5:11:38 下午 io.github.yedaxia.apidocs.LogUtils info
信息: info: find controller file : BmsSearchController.java
11月 02, 2023 5:11:38 下午 io.github.yedaxia.apidocs.LogUtils info
信息: info: find controller file : BmsTagController.java
11月 02, 2023 5:11:38 下午 io.github.yedaxia.apidocs.LogUtils info
信息: info: find controller file : BmsTipController.java
11月 02, 2023 5:11:38 下午 io.github.yedaxia.apidocs.LogUtils info
信息: info: find controller file : PoemController.java
11月 02, 2023 5:11:38 下午 io.github.yedaxia.apidocs.LogUtils info
信息: info: find controller file : UmsUserController.java
11月 02, 2023 5:11:38 下午 io.github.yedaxia.apidocs.LogUtils info
信息: info: start to parse controller file : BmsBillboardController.java
11月 02, 2023 5:11:38 下午 io.github.yedaxia.apidocs.LogUtils info
信息: info: success to parse controller file : BmsBillboardController.java
11月 02, 2023 5:11:38 下午 io.github.yedaxia.apidocs.LogUtils info
信息: info: start to parse controller file : BmsCommentController.java
11月 02, 2023 5:11:38 下午 io.github.yedaxia.apidocs.LogUtils info
信息: info: success to parse controller file : BmsCommentController.java
11月 02, 2023 5:11:38 下午 io.github.yedaxia.apidocs.LogUtils info
信息: info: start to parse controller file : BmsPostController.java
11月 02, 2023 5:11:38 下午 io.github.yedaxia.apidocs.LogUtils warn
警告: warning!! Cannot find java file , in java file : D:\practice\doubao_community_backend\src\main\java\com\douyuehan\doubao\controller\BmsPostController.java, className : Page, we cannot found more information of it, you've better to make it a JavaBean
11月 02, 2023 5:11:38 下午 io.github.yedaxia.apidocs.LogUtils warn
警告: warning!! Cannot find java file , in java file : D:\practice\doubao_community_backend\src\main\java\com\douyuehan\doubao\controller\BmsPostController.java, className : Map, we cannot found more information of it, you've better to make it a JavaBean
11月 02, 2023 5:11:38 下午 io.github.yedaxia.apidocs.LogUtils info
信息: info: success to parse controller file : BmsPostController.java
11月 02, 2023 5:11:38 下午 io.github.yedaxia.apidocs.LogUtils info
信息: info: start to parse controller file : BmsPromotionController.java
11月 02, 2023 5:11:38 下午 io.github.yedaxia.apidocs.LogUtils info
信息: info: success to parse controller file : BmsPromotionController.java
11月 02, 2023 5:11:38 下午 io.github.yedaxia.apidocs.LogUtils info
信息: info: start to parse controller file : BmsRelationshipController.java
11月 02, 2023 5:11:38 下午 io.github.yedaxia.apidocs.LogUtils warn
警告: warning!! Cannot find java file , in java file : D:\practice\doubao_community_backend\src\main\java\com\douyuehan\doubao\controller\BmsRelationshipController.java, className : Map, we cannot found more information of it, you've better to make it a JavaBean
11月 02, 2023 5:11:38 下午 io.github.yedaxia.apidocs.LogUtils info
信息: info: success to parse controller file : BmsRelationshipController.java
11月 02, 2023 5:11:38 下午 io.github.yedaxia.apidocs.LogUtils info
信息: info: start to parse controller file : BmsSearchController.java
11月 02, 2023 5:11:38 下午 io.github.yedaxia.apidocs.LogUtils warn
警告: warning!! Cannot find java file , in java file : D:\practice\doubao_community_backend\src\main\java\com\douyuehan\doubao\controller\BmsSearchController.java, className : Page, we cannot found more information of it, you've better to make it a JavaBean
11月 02, 2023 5:11:38 下午 io.github.yedaxia.apidocs.LogUtils info
信息: info: success to parse controller file : BmsSearchController.java
11月 02, 2023 5:11:38 下午 io.github.yedaxia.apidocs.LogUtils info
信息: info: start to parse controller file : BmsTagController.java
11月 02, 2023 5:11:38 下午 io.github.yedaxia.apidocs.LogUtils warn
警告: warning!! Cannot find java file , in java file : D:\practice\doubao_community_backend\src\main\java\com\douyuehan\doubao\controller\BmsTagController.java, className : Map, we cannot found more information of it, you've better to make it a JavaBean
11月 02, 2023 5:11:38 下午 io.github.yedaxia.apidocs.LogUtils info
信息: info: success to parse controller file : BmsTagController.java
11月 02, 2023 5:11:38 下午 io.github.yedaxia.apidocs.LogUtils info
信息: info: start to parse controller file : BmsTipController.java
11月 02, 2023 5:11:38 下午 io.github.yedaxia.apidocs.LogUtils info
信息: info: success to parse controller file : BmsTipController.java
11月 02, 2023 5:11:38 下午 io.github.yedaxia.apidocs.LogUtils info
信息: info: start to parse controller file : PoemController.java
11月 02, 2023 5:11:38 下午 io.github.yedaxia.apidocs.LogUtils info
信息: info: success to parse controller file : PoemController.java
11月 02, 2023 5:11:38 下午 io.github.yedaxia.apidocs.LogUtils info
信息: info: start to parse controller file : UmsUserController.java
11月 02, 2023 5:11:38 下午 io.github.yedaxia.apidocs.LogUtils warn
警告: warning!! Cannot find java file , in java file : D:\practice\doubao_community_backend\src\main\java\com\douyuehan\doubao\controller\UmsUserController.java, className : Map, we cannot found more information of it, you've better to make it a JavaBean
11月 02, 2023 5:11:38 下午 io.github.yedaxia.apidocs.LogUtils warn
警告: warning!! Cannot find java file , in java file : D:\practice\doubao_community_backend\src\main\java\com\douyuehan\doubao\controller\UmsUserController.java, className : Map, we cannot found more information of it, you've better to make it a JavaBean
11月 02, 2023 5:11:38 下午 io.github.yedaxia.apidocs.LogUtils warn
警告: warning!! Cannot find java file , in java file : D:\practice\doubao_community_backend\src\main\java\com\douyuehan\doubao\controller\UmsUserController.java, className : Map, we cannot found more information of it, you've better to make it a JavaBean
11月 02, 2023 5:11:38 下午 io.github.yedaxia.apidocs.LogUtils info
信息: info: success to parse controller file : UmsUserController.java
11月 02, 2023 5:11:38 下午 io.github.yedaxia.apidocs.LogUtils info
信息: info: generate api docs start...
11月 02, 2023 5:11:38 下午 io.github.yedaxia.apidocs.LogUtils info
信息: info: start to generate docs for controller file : D:\practice\doubao_community_backend\src\main\java\com\douyuehan\doubao\controller\BmsBillboardController.java
11月 02, 2023 5:11:39 下午 io.github.yedaxia.apidocs.LogUtils info
信息: info: success to generate docs for controller file : D:\practice\doubao_community_backend\src\main\java\com\douyuehan\doubao\controller\BmsBillboardController.java
11月 02, 2023 5:11:39 下午 io.github.yedaxia.apidocs.LogUtils info
信息: info: start to generate docs for controller file : D:\practice\doubao_community_backend\src\main\java\com\douyuehan\doubao\controller\BmsCommentController.java
11月 02, 2023 5:11:39 下午 io.github.yedaxia.apidocs.LogUtils info
信息: info: success to generate docs for controller file : D:\practice\doubao_community_backend\src\main\java\com\douyuehan\doubao\controller\BmsCommentController.java
11月 02, 2023 5:11:39 下午 io.github.yedaxia.apidocs.LogUtils info
信息: info: start to generate docs for controller file : D:\practice\doubao_community_backend\src\main\java\com\douyuehan\doubao\controller\BmsPostController.java
11月 02, 2023 5:11:39 下午 io.github.yedaxia.apidocs.LogUtils info
信息: info: success to generate docs for controller file : D:\practice\doubao_community_backend\src\main\java\com\douyuehan\doubao\controller\BmsPostController.java
11月 02, 2023 5:11:39 下午 io.github.yedaxia.apidocs.LogUtils info
信息: info: start to generate docs for controller file : D:\practice\doubao_community_backend\src\main\java\com\douyuehan\doubao\controller\BmsPromotionController.java
11月 02, 2023 5:11:39 下午 io.github.yedaxia.apidocs.LogUtils info
信息: info: success to generate docs for controller file : D:\practice\doubao_community_backend\src\main\java\com\douyuehan\doubao\controller\BmsPromotionController.java
11月 02, 2023 5:11:39 下午 io.github.yedaxia.apidocs.LogUtils info
信息: info: start to generate docs for controller file : D:\practice\doubao_community_backend\src\main\java\com\douyuehan\doubao\controller\BmsRelationshipController.java
11月 02, 2023 5:11:39 下午 io.github.yedaxia.apidocs.LogUtils info
信息: info: success to generate docs for controller file : D:\practice\doubao_community_backend\src\main\java\com\douyuehan\doubao\controller\BmsRelationshipController.java
11月 02, 2023 5:11:39 下午 io.github.yedaxia.apidocs.LogUtils info
信息: info: start to generate docs for controller file : D:\practice\doubao_community_backend\src\main\java\com\douyuehan\doubao\controller\BmsSearchController.java
11月 02, 2023 5:11:39 下午 io.github.yedaxia.apidocs.LogUtils info
信息: info: success to generate docs for controller file : D:\practice\doubao_community_backend\src\main\java\com\douyuehan\doubao\controller\BmsSearchController.java
11月 02, 2023 5:11:39 下午 io.github.yedaxia.apidocs.LogUtils info
信息: info: start to generate docs for controller file : D:\practice\doubao_community_backend\src\main\java\com\douyuehan\doubao\controller\BmsTagController.java
11月 02, 2023 5:11:39 下午 io.github.yedaxia.apidocs.LogUtils info
信息: info: success to generate docs for controller file : D:\practice\doubao_community_backend\src\main\java\com\douyuehan\doubao\controller\BmsTagController.java
11月 02, 2023 5:11:39 下午 io.github.yedaxia.apidocs.LogUtils info
信息: info: start to generate docs for controller file : D:\practice\doubao_community_backend\src\main\java\com\douyuehan\doubao\controller\BmsTipController.java
11月 02, 2023 5:11:39 下午 io.github.yedaxia.apidocs.LogUtils info
信息: info: success to generate docs for controller file : D:\practice\doubao_community_backend\src\main\java\com\douyuehan\doubao\controller\BmsTipController.java
11月 02, 2023 5:11:39 下午 io.github.yedaxia.apidocs.LogUtils info
信息: info: start to generate docs for controller file : D:\practice\doubao_community_backend\src\main\java\com\douyuehan\doubao\controller\PoemController.java
11月 02, 2023 5:11:39 下午 io.github.yedaxia.apidocs.LogUtils info
信息: info: success to generate docs for controller file : D:\practice\doubao_community_backend\src\main\java\com\douyuehan\doubao\controller\PoemController.java
11月 02, 2023 5:11:39 下午 io.github.yedaxia.apidocs.LogUtils info
信息: info: start to generate docs for controller file : D:\practice\doubao_community_backend\src\main\java\com\douyuehan\doubao\controller\UmsUserController.java
11月 02, 2023 5:11:39 下午 io.github.yedaxia.apidocs.LogUtils info
信息: info: success to generate docs for controller file : D:\practice\doubao_community_backend\src\main\java\com\douyuehan\doubao\controller\UmsUserController.java
11月 02, 2023 5:11:39 下午 io.github.yedaxia.apidocs.LogUtils info
信息: info: generate index start !!!
11月 02, 2023 5:11:39 下午 io.github.yedaxia.apidocs.LogUtils info
信息: info: generate index done !!!
11月 02, 2023 5:11:39 下午 io.github.yedaxia.apidocs.LogUtils info
信息: info: generate api docs done !!!
